<?xml version="1.0" encoding="UTF-8"?>
<testng-results ignored="0" total="1" passed="1" failed="0" skipped="0">
  <reporter-output>
  </reporter-output>
  <suite started-at="2023-08-04T21:26:40 IST" name="Default suite" finished-at="2023-08-04T21:26:53 IST" duration-ms="13499">
    <groups>
    </groups>
    <test started-at="2023-08-04T21:26:40 IST" name="Default test" finished-at="2023-08-04T21:26:53 IST" duration-ms="13499">
      <class name="BeforeClass.EnabledXMl">
        <test-method is-config="true" signature="Setup()[pri:0, instance:BeforeClass.EnabledXMl@71238fc2]" started-at="2023-08-04T21:26:40 IST" name="Setup" finished-at="2023-08-04T21:26:45 IST" duration-ms="5447" status="PASS">
          <reporter-output>
          </reporter-output>
        </test-method> <!-- Setup -->
        <test-method signature="demo()[pri:0, instance:BeforeClass.EnabledXMl@71238fc2]" started-at="2023-08-04T21:26:45 IST" name="demo" finished-at="2023-08-04T21:26:53 IST" duration-ms="7997" status="PASS">
          <reporter-output>
          </reporter-output>
        </test-method> <!-- demo -->
      </class> <!-- BeforeClass.EnabledXMl -->
    </test> <!-- Default test -->
  </suite> <!-- Default suite -->
</testng-results>
